mode: set
github.com/Caixetadev/snippet/internal/infra/db/postgres/repositories/post_repository.go:14.58,16.2 1 0
github.com/Caixetadev/snippet/internal/infra/db/postgres/repositories/post_repository.go:18.80,22.2 2 0
github.com/Caixetadev/snippet/internal/infra/db/postgres/repositories/post_repository.go:24.92,26.16 2 0
github.com/Caixetadev/snippet/internal/infra/db/postgres/repositories/post_repository.go:26.16,28.3 1 0
github.com/Caixetadev/snippet/internal/infra/db/postgres/repositories/post_repository.go:30.2,34.18 3 0
github.com/Caixetadev/snippet/internal/infra/db/postgres/repositories/post_repository.go:34.18,36.63 2 0
github.com/Caixetadev/snippet/internal/infra/db/postgres/repositories/post_repository.go:36.63,38.4 1 0
github.com/Caixetadev/snippet/internal/infra/db/postgres/repositories/post_repository.go:40.3,40.30 1 0
github.com/Caixetadev/snippet/internal/infra/db/postgres/repositories/post_repository.go:43.2,43.19 1 0
github.com/Caixetadev/snippet/internal/infra/db/postgres/repositories/user_repository.go:16.58,18.2 1 0
github.com/Caixetadev/snippet/internal/infra/db/postgres/repositories/user_repository.go:20.80,30.2 2 0
github.com/Caixetadev/snippet/internal/infra/db/postgres/repositories/user_repository.go:33.99,35.16 2 0
github.com/Caixetadev/snippet/internal/infra/db/postgres/repositories/user_repository.go:35.16,37.3 1 0
github.com/Caixetadev/snippet/internal/infra/db/postgres/repositories/user_repository.go:39.2,43.17 3 0
github.com/Caixetadev/snippet/internal/infra/db/postgres/repositories/user_repository.go:43.17,44.85 1 0
github.com/Caixetadev/snippet/internal/infra/db/postgres/repositories/user_repository.go:44.85,46.4 1 0
github.com/Caixetadev/snippet/internal/infra/db/postgres/repositories/user_repository.go:47.8,49.3 1 0
github.com/Caixetadev/snippet/internal/infra/db/postgres/repositories/user_repository.go:51.2,51.19 1 0
github.com/Caixetadev/snippet/internal/infra/db/postgres/repositories/user_repository.go:54.94,57.16 3 0
github.com/Caixetadev/snippet/internal/infra/db/postgres/repositories/user_repository.go:57.16,59.3 1 0
github.com/Caixetadev/snippet/internal/infra/db/postgres/repositories/user_repository.go:61.2,61.20 1 0
github.com/Caixetadev/snippet/internal/infra/db/postgres/repositories/user_repository.go:64.119,67.2 2 0
github.com/Caixetadev/snippet/internal/infra/db/postgres/repositories/user_repository.go:69.109,82.16 4 0
github.com/Caixetadev/snippet/internal/infra/db/postgres/repositories/user_repository.go:82.16,84.3 1 0
github.com/Caixetadev/snippet/internal/infra/db/postgres/repositories/user_repository.go:86.2,86.27 1 0
github.com/Caixetadev/snippet/internal/infra/db/postgres/repositories/user_repository.go:89.97,92.2 2 0
github.com/Caixetadev/snippet/internal/services/mail_service.go:20.59,26.16 2 0
github.com/Caixetadev/snippet/internal/services/mail_service.go:26.16,28.3 1 0
github.com/Caixetadev/snippet/internal/services/mail_service.go:30.2,32.8 1 0
github.com/Caixetadev/snippet/internal/services/mail_service.go:35.56,44.16 5 0
github.com/Caixetadev/snippet/internal/services/mail_service.go:44.16,47.3 2 0
github.com/Caixetadev/snippet/internal/services/mail_service.go:49.2,49.32 1 0
github.com/Caixetadev/snippet/internal/services/mail_service.go:52.88,76.16 5 0
github.com/Caixetadev/snippet/internal/services/mail_service.go:76.16,78.3 1 0
github.com/Caixetadev/snippet/internal/services/mail_service.go:80.2,80.27 1 0
github.com/Caixetadev/snippet/internal/services/post_service.go:14.99,16.2 1 0
github.com/Caixetadev/snippet/internal/services/post_service.go:18.78,21.16 2 0
github.com/Caixetadev/snippet/internal/services/post_service.go:21.16,23.3 1 0
github.com/Caixetadev/snippet/internal/services/post_service.go:25.2,27.28 2 0
github.com/Caixetadev/snippet/internal/services/post_service.go:27.28,29.3 1 0
github.com/Caixetadev/snippet/internal/services/post_service.go:31.2,32.16 2 0
github.com/Caixetadev/snippet/internal/services/post_service.go:32.16,34.3 1 0
github.com/Caixetadev/snippet/internal/services/post_service.go:36.2,36.12 1 0
github.com/Caixetadev/snippet/internal/services/post_service.go:39.89,40.18 1 0
github.com/Caixetadev/snippet/internal/services/post_service.go:40.18,42.3 1 0
github.com/Caixetadev/snippet/internal/services/post_service.go:44.2,45.16 2 0
github.com/Caixetadev/snippet/internal/services/post_service.go:45.16,47.3 1 0
github.com/Caixetadev/snippet/internal/services/post_service.go:49.2,49.19 1 0
github.com/Caixetadev/snippet/internal/services/user_service.go:26.16,32.2 1 1
github.com/Caixetadev/snippet/internal/services/user_service.go:34.94,35.54 1 1
github.com/Caixetadev/snippet/internal/services/user_service.go:35.54,37.3 1 1
github.com/Caixetadev/snippet/internal/services/user_service.go:39.2,40.16 2 1
github.com/Caixetadev/snippet/internal/services/user_service.go:40.16,42.3 1 1
github.com/Caixetadev/snippet/internal/services/user_service.go:44.2,47.16 3 1
github.com/Caixetadev/snippet/internal/services/user_service.go:47.16,49.3 1 1
github.com/Caixetadev/snippet/internal/services/user_service.go:51.2,51.18 1 1
github.com/Caixetadev/snippet/internal/services/user_service.go:54.96,57.16 2 1
github.com/Caixetadev/snippet/internal/services/user_service.go:57.16,58.27 1 1
github.com/Caixetadev/snippet/internal/services/user_service.go:58.27,60.4 1 1
github.com/Caixetadev/snippet/internal/services/user_service.go:62.3,62.33 1 1
github.com/Caixetadev/snippet/internal/services/user_service.go:65.2,65.18 1 1
github.com/Caixetadev/snippet/internal/services/user_service.go:68.91,70.2 1 1
github.com/Caixetadev/snippet/internal/services/user_service.go:72.120,74.2 1 0
github.com/Caixetadev/snippet/internal/services/user_service.go:76.97,78.2 1 0
github.com/Caixetadev/snippet/internal/services/user_service.go:80.118,84.2 2 0
github.com/Caixetadev/snippet/internal/services/user_service.go:86.106,88.12 2 0
github.com/Caixetadev/snippet/internal/services/user_service.go:88.12,90.3 1 0
github.com/Caixetadev/snippet/internal/services/user_service.go:92.2,92.16 1 0
github.com/Caixetadev/snippet/internal/services/user_service.go:92.16,95.3 2 0
github.com/Caixetadev/snippet/internal/services/user_service.go:97.2,97.26 1 0
github.com/Caixetadev/snippet/internal/services/user_service.go:100.109,101.38 1 0
github.com/Caixetadev/snippet/internal/services/user_service.go:101.38,103.3 1 0
github.com/Caixetadev/snippet/internal/services/user_service.go:105.2,106.16 2 0
github.com/Caixetadev/snippet/internal/services/user_service.go:106.16,108.3 1 0
github.com/Caixetadev/snippet/internal/services/user_service.go:110.2,110.77 1 0
