mode: set
github.com/Caixetadev/snippet/config/config.go:20.57,29.16 6 0
github.com/Caixetadev/snippet/config/config.go:29.16,31.3 1 0
github.com/Caixetadev/snippet/config/config.go:33.2,37.8 3 0
github.com/Caixetadev/snippet/internal/entity/auth.go:37.48,46.2 2 0
github.com/Caixetadev/snippet/internal/entity/auth.go:58.86,68.2 1 0
github.com/Caixetadev/snippet/internal/entity/auth.go:70.89,80.2 2 0
github.com/Caixetadev/snippet/internal/entity/mail.go:19.44,24.2 1 0
github.com/Caixetadev/snippet/internal/entity/mail.go:28.99,47.2 1 0
github.com/Caixetadev/snippet/internal/entity/mail.go:53.49,57.16 3 0
github.com/Caixetadev/snippet/internal/entity/mail.go:57.16,59.3 1 0
github.com/Caixetadev/snippet/internal/entity/mail.go:61.2,65.16 3 0
github.com/Caixetadev/snippet/internal/entity/mail.go:65.16,68.3 2 0
github.com/Caixetadev/snippet/internal/entity/mail.go:70.2,70.32 1 0
github.com/Caixetadev/snippet/internal/entity/post.go:46.104,57.2 2 0
github.com/Caixetadev/snippet/internal/entity/token.go:20.94,22.16 2 0
github.com/Caixetadev/snippet/internal/entity/token.go:22.16,24.3 1 0
github.com/Caixetadev/snippet/internal/entity/token.go:26.2,34.21 2 0
github.com/Caixetadev/snippet/internal/entity/token.go:37.39,38.41 1 0
github.com/Caixetadev/snippet/internal/entity/token.go:38.41,40.3 1 0
github.com/Caixetadev/snippet/internal/entity/token.go:41.2,41.12 1 0
github.com/Caixetadev/snippet/internal/entity/user.go:17.50,26.2 2 0
github.com/Caixetadev/snippet/internal/entity/uuid.go:11.49,13.2 1 0
github.com/Caixetadev/snippet/internal/infra/db/postgres/repositories/post_repository.go:21.58,23.2 1 0
github.com/Caixetadev/snippet/internal/infra/db/postgres/repositories/post_repository.go:25.85,31.2 3 0
github.com/Caixetadev/snippet/internal/infra/db/postgres/repositories/post_repository.go:33.123,43.16 3 0
github.com/Caixetadev/snippet/internal/infra/db/postgres/repositories/post_repository.go:43.16,45.3 1 0
github.com/Caixetadev/snippet/internal/infra/db/postgres/repositories/post_repository.go:47.2,51.18 3 0
github.com/Caixetadev/snippet/internal/infra/db/postgres/repositories/post_repository.go:51.18,53.92 2 0
github.com/Caixetadev/snippet/internal/infra/db/postgres/repositories/post_repository.go:53.92,55.4 1 0
github.com/Caixetadev/snippet/internal/infra/db/postgres/repositories/post_repository.go:57.3,57.30 1 0
github.com/Caixetadev/snippet/internal/infra/db/postgres/repositories/post_repository.go:60.2,60.19 1 0
github.com/Caixetadev/snippet/internal/infra/db/postgres/repositories/post_repository.go:63.90,69.16 4 0
github.com/Caixetadev/snippet/internal/infra/db/postgres/repositories/post_repository.go:69.16,71.3 1 0
github.com/Caixetadev/snippet/internal/infra/db/postgres/repositories/post_repository.go:73.2,73.19 1 0
github.com/Caixetadev/snippet/internal/infra/db/postgres/repositories/post_repository.go:76.94,83.16 4 0
github.com/Caixetadev/snippet/internal/infra/db/postgres/repositories/post_repository.go:83.16,85.3 1 0
github.com/Caixetadev/snippet/internal/infra/db/postgres/repositories/post_repository.go:87.2,87.19 1 0
github.com/Caixetadev/snippet/internal/infra/db/postgres/repositories/post_repository.go:90.102,94.16 3 0
github.com/Caixetadev/snippet/internal/infra/db/postgres/repositories/post_repository.go:94.16,96.3 1 0
github.com/Caixetadev/snippet/internal/infra/db/postgres/repositories/post_repository.go:98.2,102.17 3 0
github.com/Caixetadev/snippet/internal/infra/db/postgres/repositories/post_repository.go:102.17,103.137 1 0
github.com/Caixetadev/snippet/internal/infra/db/postgres/repositories/post_repository.go:103.137,105.4 1 0
github.com/Caixetadev/snippet/internal/infra/db/postgres/repositories/post_repository.go:106.8,108.3 1 0
github.com/Caixetadev/snippet/internal/infra/db/postgres/repositories/post_repository.go:110.2,110.19 1 0
github.com/Caixetadev/snippet/internal/infra/db/postgres/repositories/post_repository.go:113.75,117.16 3 0
github.com/Caixetadev/snippet/internal/infra/db/postgres/repositories/post_repository.go:117.16,119.3 1 0
github.com/Caixetadev/snippet/internal/infra/db/postgres/repositories/post_repository.go:121.2,121.12 1 0
github.com/Caixetadev/snippet/internal/infra/db/postgres/repositories/post_repository.go:125.91,129.22 3 0
github.com/Caixetadev/snippet/internal/infra/db/postgres/repositories/post_repository.go:129.22,132.3 2 0
github.com/Caixetadev/snippet/internal/infra/db/postgres/repositories/post_repository.go:134.2,134.24 1 0
github.com/Caixetadev/snippet/internal/infra/db/postgres/repositories/post_repository.go:134.24,137.3 2 0
github.com/Caixetadev/snippet/internal/infra/db/postgres/repositories/post_repository.go:139.2,145.16 5 0
github.com/Caixetadev/snippet/internal/infra/db/postgres/repositories/post_repository.go:145.16,147.3 1 0
github.com/Caixetadev/snippet/internal/infra/db/postgres/repositories/post_repository.go:149.2,149.12 1 0
github.com/Caixetadev/snippet/internal/infra/db/postgres/repositories/post_repository.go:152.118,162.16 3 0
github.com/Caixetadev/snippet/internal/infra/db/postgres/repositories/post_repository.go:162.16,164.3 1 0
github.com/Caixetadev/snippet/internal/infra/db/postgres/repositories/post_repository.go:166.2,170.18 3 0
github.com/Caixetadev/snippet/internal/infra/db/postgres/repositories/post_repository.go:170.18,172.90 2 0
github.com/Caixetadev/snippet/internal/infra/db/postgres/repositories/post_repository.go:172.90,174.4 1 0
github.com/Caixetadev/snippet/internal/infra/db/postgres/repositories/post_repository.go:176.3,176.30 1 0
github.com/Caixetadev/snippet/internal/infra/db/postgres/repositories/post_repository.go:179.2,179.19 1 0
github.com/Caixetadev/snippet/internal/infra/db/postgres/repositories/user_repository.go:19.58,21.2 1 0
github.com/Caixetadev/snippet/internal/infra/db/postgres/repositories/user_repository.go:23.80,36.2 3 0
github.com/Caixetadev/snippet/internal/infra/db/postgres/repositories/user_repository.go:39.99,43.16 3 0
github.com/Caixetadev/snippet/internal/infra/db/postgres/repositories/user_repository.go:43.16,45.3 1 0
github.com/Caixetadev/snippet/internal/infra/db/postgres/repositories/user_repository.go:47.2,51.17 3 0
github.com/Caixetadev/snippet/internal/infra/db/postgres/repositories/user_repository.go:51.17,52.85 1 0
github.com/Caixetadev/snippet/internal/infra/db/postgres/repositories/user_repository.go:52.85,54.4 1 0
github.com/Caixetadev/snippet/internal/infra/db/postgres/repositories/user_repository.go:55.8,57.3 1 0
github.com/Caixetadev/snippet/internal/infra/db/postgres/repositories/user_repository.go:59.2,59.19 1 0
github.com/Caixetadev/snippet/internal/infra/db/postgres/repositories/user_repository.go:62.96,66.16 3 0
github.com/Caixetadev/snippet/internal/infra/db/postgres/repositories/user_repository.go:66.16,68.3 1 0
github.com/Caixetadev/snippet/internal/infra/db/postgres/repositories/user_repository.go:70.2,74.17 3 0
github.com/Caixetadev/snippet/internal/infra/db/postgres/repositories/user_repository.go:74.17,75.69 1 0
github.com/Caixetadev/snippet/internal/infra/db/postgres/repositories/user_repository.go:75.69,77.4 1 0
github.com/Caixetadev/snippet/internal/infra/db/postgres/repositories/user_repository.go:78.8,80.3 1 0
github.com/Caixetadev/snippet/internal/infra/db/postgres/repositories/user_repository.go:82.2,82.19 1 0
github.com/Caixetadev/snippet/internal/infra/db/postgres/repositories/user_repository.go:85.94,91.16 4 0
github.com/Caixetadev/snippet/internal/infra/db/postgres/repositories/user_repository.go:91.16,93.3 1 0
github.com/Caixetadev/snippet/internal/infra/db/postgres/repositories/user_repository.go:95.2,95.20 1 0
github.com/Caixetadev/snippet/internal/infra/db/postgres/repositories/user_repository.go:98.119,111.2 3 0
github.com/Caixetadev/snippet/internal/infra/db/postgres/repositories/user_repository.go:113.120,121.16 3 0
github.com/Caixetadev/snippet/internal/infra/db/postgres/repositories/user_repository.go:121.16,123.3 1 0
github.com/Caixetadev/snippet/internal/infra/db/postgres/repositories/user_repository.go:125.2,128.17 3 0
github.com/Caixetadev/snippet/internal/infra/db/postgres/repositories/user_repository.go:128.17,129.108 1 0
github.com/Caixetadev/snippet/internal/infra/db/postgres/repositories/user_repository.go:129.108,131.4 1 0
github.com/Caixetadev/snippet/internal/infra/db/postgres/repositories/user_repository.go:132.8,134.3 1 0
github.com/Caixetadev/snippet/internal/infra/db/postgres/repositories/user_repository.go:136.2,136.30 1 0
github.com/Caixetadev/snippet/internal/infra/db/postgres/repositories/user_repository.go:139.100,145.2 3 0
github.com/Caixetadev/snippet/internal/infra/db/postgres/repositories/user_repository.go:147.93,163.2 3 0
github.com/Caixetadev/snippet/internal/infra/db/postgres/repositories/user_repository.go:165.115,173.16 3 0
github.com/Caixetadev/snippet/internal/infra/db/postgres/repositories/user_repository.go:173.16,175.3 1 0
github.com/Caixetadev/snippet/internal/infra/db/postgres/repositories/user_repository.go:177.2,180.17 3 0
github.com/Caixetadev/snippet/internal/infra/db/postgres/repositories/user_repository.go:180.17,181.120 1 0
github.com/Caixetadev/snippet/internal/infra/db/postgres/repositories/user_repository.go:181.120,183.4 1 0
github.com/Caixetadev/snippet/internal/infra/db/postgres/repositories/user_repository.go:184.8,186.3 1 0
github.com/Caixetadev/snippet/internal/infra/db/postgres/repositories/user_repository.go:188.2,188.27 1 0
github.com/Caixetadev/snippet/internal/infra/db/postgres/repositories/user_repository.go:191.98,199.16 3 0
github.com/Caixetadev/snippet/internal/infra/db/postgres/repositories/user_repository.go:199.16,201.3 1 0
github.com/Caixetadev/snippet/internal/infra/db/postgres/repositories/user_repository.go:203.2,207.17 3 0
github.com/Caixetadev/snippet/internal/infra/db/postgres/repositories/user_repository.go:207.17,208.125 1 0
github.com/Caixetadev/snippet/internal/infra/db/postgres/repositories/user_repository.go:208.125,210.4 1 0
github.com/Caixetadev/snippet/internal/infra/db/postgres/repositories/user_repository.go:211.8,213.3 1 0
github.com/Caixetadev/snippet/internal/infra/db/postgres/repositories/user_repository.go:215.2,215.22 1 0
github.com/Caixetadev/snippet/internal/services/mail_service.go:20.77,26.16 2 0
github.com/Caixetadev/snippet/internal/services/mail_service.go:26.16,28.3 1 0
github.com/Caixetadev/snippet/internal/services/mail_service.go:30.2,33.8 1 0
github.com/Caixetadev/snippet/internal/services/mail_service.go:36.88,44.16 5 0
github.com/Caixetadev/snippet/internal/services/mail_service.go:44.16,47.3 2 0
github.com/Caixetadev/snippet/internal/services/mail_service.go:49.2,49.27 1 0
github.com/Caixetadev/snippet/internal/services/post_service.go:32.92,34.2 1 0
github.com/Caixetadev/snippet/internal/services/post_service.go:36.83,38.16 2 0
github.com/Caixetadev/snippet/internal/services/post_service.go:38.16,40.3 1 0
github.com/Caixetadev/snippet/internal/services/post_service.go:42.2,44.28 2 0
github.com/Caixetadev/snippet/internal/services/post_service.go:44.28,46.3 1 0
github.com/Caixetadev/snippet/internal/services/post_service.go:48.2,49.16 2 0
github.com/Caixetadev/snippet/internal/services/post_service.go:49.16,51.3 1 0
github.com/Caixetadev/snippet/internal/services/post_service.go:53.2,53.12 1 0
github.com/Caixetadev/snippet/internal/services/post_service.go:56.138,58.16 2 0
github.com/Caixetadev/snippet/internal/services/post_service.go:58.16,60.3 1 0
github.com/Caixetadev/snippet/internal/services/post_service.go:62.2,63.16 2 0
github.com/Caixetadev/snippet/internal/services/post_service.go:63.16,65.3 1 0
github.com/Caixetadev/snippet/internal/services/post_service.go:67.2,68.16 2 0
github.com/Caixetadev/snippet/internal/services/post_service.go:68.16,70.3 1 0
github.com/Caixetadev/snippet/internal/services/post_service.go:72.2,73.38 2 0
github.com/Caixetadev/snippet/internal/services/post_service.go:73.38,75.3 1 0
github.com/Caixetadev/snippet/internal/services/post_service.go:76.2,76.27 1 0
github.com/Caixetadev/snippet/internal/services/post_service.go:76.27,78.3 1 0
github.com/Caixetadev/snippet/internal/services/post_service.go:80.2,87.35 2 0
github.com/Caixetadev/snippet/internal/services/post_service.go:90.94,92.16 2 0
github.com/Caixetadev/snippet/internal/services/post_service.go:92.16,93.36 1 0
github.com/Caixetadev/snippet/internal/services/post_service.go:93.36,95.4 1 0
github.com/Caixetadev/snippet/internal/services/post_service.go:96.3,96.32 1 0
github.com/Caixetadev/snippet/internal/services/post_service.go:99.2,99.37 1 0
github.com/Caixetadev/snippet/internal/services/post_service.go:99.37,101.3 1 0
github.com/Caixetadev/snippet/internal/services/post_service.go:103.2,104.16 2 0
github.com/Caixetadev/snippet/internal/services/post_service.go:104.16,106.3 1 0
github.com/Caixetadev/snippet/internal/services/post_service.go:108.2,108.12 1 0
github.com/Caixetadev/snippet/internal/services/post_service.go:111.124,113.16 2 0
github.com/Caixetadev/snippet/internal/services/post_service.go:113.16,114.36 1 0
github.com/Caixetadev/snippet/internal/services/post_service.go:114.36,116.4 1 0
github.com/Caixetadev/snippet/internal/services/post_service.go:117.3,117.32 1 0
github.com/Caixetadev/snippet/internal/services/post_service.go:120.2,120.47 1 0
github.com/Caixetadev/snippet/internal/services/post_service.go:120.47,122.3 1 0
github.com/Caixetadev/snippet/internal/services/post_service.go:124.2,127.16 3 0
github.com/Caixetadev/snippet/internal/services/post_service.go:127.16,129.3 1 0
github.com/Caixetadev/snippet/internal/services/post_service.go:131.2,131.12 1 0
github.com/Caixetadev/snippet/internal/services/post_service.go:134.140,136.16 2 0
github.com/Caixetadev/snippet/internal/services/post_service.go:136.16,138.3 1 0
github.com/Caixetadev/snippet/internal/services/post_service.go:140.2,141.16 2 0
github.com/Caixetadev/snippet/internal/services/post_service.go:141.16,143.3 1 0
github.com/Caixetadev/snippet/internal/services/post_service.go:145.2,146.16 2 0
github.com/Caixetadev/snippet/internal/services/post_service.go:146.16,148.3 1 0
github.com/Caixetadev/snippet/internal/services/post_service.go:150.2,151.38 2 0
github.com/Caixetadev/snippet/internal/services/post_service.go:151.38,153.3 1 0
github.com/Caixetadev/snippet/internal/services/post_service.go:154.2,154.27 1 0
github.com/Caixetadev/snippet/internal/services/post_service.go:154.27,156.3 1 0
github.com/Caixetadev/snippet/internal/services/post_service.go:158.2,165.35 2 0
github.com/Caixetadev/snippet/internal/services/post_service.go:168.112,170.16 2 0
github.com/Caixetadev/snippet/internal/services/post_service.go:170.16,171.36 1 0
github.com/Caixetadev/snippet/internal/services/post_service.go:171.36,173.4 1 0
github.com/Caixetadev/snippet/internal/services/post_service.go:174.3,174.37 1 0
github.com/Caixetadev/snippet/internal/services/post_service.go:177.2,177.20 1 0
github.com/Caixetadev/snippet/internal/services/post_service.go:177.20,179.32 2 0
github.com/Caixetadev/snippet/internal/services/post_service.go:179.32,181.4 1 0
github.com/Caixetadev/snippet/internal/services/post_service.go:184.2,184.18 1 0
github.com/Caixetadev/snippet/internal/services/user_service.go:42.16,49.2 1 0
github.com/Caixetadev/snippet/internal/services/user_service.go:51.94,52.54 1 0
github.com/Caixetadev/snippet/internal/services/user_service.go:52.54,54.3 1 0
github.com/Caixetadev/snippet/internal/services/user_service.go:56.2,57.16 2 0
github.com/Caixetadev/snippet/internal/services/user_service.go:57.16,59.3 1 0
github.com/Caixetadev/snippet/internal/services/user_service.go:61.2,64.16 3 0
github.com/Caixetadev/snippet/internal/services/user_service.go:64.16,66.3 1 0
github.com/Caixetadev/snippet/internal/services/user_service.go:68.2,68.18 1 0
github.com/Caixetadev/snippet/internal/services/user_service.go:71.93,73.16 2 0
github.com/Caixetadev/snippet/internal/services/user_service.go:73.16,74.27 1 0
github.com/Caixetadev/snippet/internal/services/user_service.go:74.27,76.4 1 0
github.com/Caixetadev/snippet/internal/services/user_service.go:77.3,77.37 1 0
github.com/Caixetadev/snippet/internal/services/user_service.go:80.2,80.18 1 0
github.com/Caixetadev/snippet/internal/services/user_service.go:83.96,85.16 2 0
github.com/Caixetadev/snippet/internal/services/user_service.go:85.16,86.27 1 0
github.com/Caixetadev/snippet/internal/services/user_service.go:86.27,88.4 1 0
github.com/Caixetadev/snippet/internal/services/user_service.go:90.3,90.37 1 0
github.com/Caixetadev/snippet/internal/services/user_service.go:93.2,93.18 1 0
github.com/Caixetadev/snippet/internal/services/user_service.go:96.91,98.2 1 0
github.com/Caixetadev/snippet/internal/services/user_service.go:100.116,102.16 2 0
github.com/Caixetadev/snippet/internal/services/user_service.go:102.16,104.3 1 0
github.com/Caixetadev/snippet/internal/services/user_service.go:106.2,106.28 1 0
github.com/Caixetadev/snippet/internal/services/user_service.go:113.36,115.16 2 0
github.com/Caixetadev/snippet/internal/services/user_service.go:115.16,117.3 1 0
github.com/Caixetadev/snippet/internal/services/user_service.go:119.2,119.28 1 0
github.com/Caixetadev/snippet/internal/services/user_service.go:122.104,126.16 3 0
github.com/Caixetadev/snippet/internal/services/user_service.go:126.16,128.3 1 0
github.com/Caixetadev/snippet/internal/services/user_service.go:130.2,130.12 1 0
github.com/Caixetadev/snippet/internal/services/user_service.go:133.97,135.16 2 0
github.com/Caixetadev/snippet/internal/services/user_service.go:135.16,137.3 1 0
github.com/Caixetadev/snippet/internal/services/user_service.go:139.2,139.12 1 0
github.com/Caixetadev/snippet/internal/services/user_service.go:142.118,146.2 2 0
github.com/Caixetadev/snippet/internal/services/user_service.go:148.103,150.16 2 0
github.com/Caixetadev/snippet/internal/services/user_service.go:150.16,152.3 1 0
github.com/Caixetadev/snippet/internal/services/user_service.go:154.2,154.50 1 0
github.com/Caixetadev/snippet/internal/services/user_service.go:154.50,156.3 1 0
github.com/Caixetadev/snippet/internal/services/user_service.go:158.2,158.37 1 0
github.com/Caixetadev/snippet/internal/services/user_service.go:166.9,167.38 1 0
github.com/Caixetadev/snippet/internal/services/user_service.go:167.38,169.3 1 0
github.com/Caixetadev/snippet/internal/services/user_service.go:171.2,172.16 2 0
github.com/Caixetadev/snippet/internal/services/user_service.go:172.16,174.3 1 0
github.com/Caixetadev/snippet/internal/services/user_service.go:176.2,177.16 2 0
github.com/Caixetadev/snippet/internal/services/user_service.go:177.16,179.3 1 0
github.com/Caixetadev/snippet/internal/services/user_service.go:181.2,181.12 1 0
github.com/Caixetadev/snippet/internal/services/user_service.go:184.95,186.16 2 0
github.com/Caixetadev/snippet/internal/services/user_service.go:186.16,188.3 1 0
github.com/Caixetadev/snippet/internal/services/user_service.go:190.2,190.18 1 0
github.com/Caixetadev/snippet/internal/services/user_service.go:193.96,195.16 2 0
github.com/Caixetadev/snippet/internal/services/user_service.go:195.16,197.3 1 0
github.com/Caixetadev/snippet/internal/services/user_service.go:199.2,199.26 1 0
github.com/Caixetadev/snippet/internal/token/token.go:27.57,28.51 1 0
github.com/Caixetadev/snippet/internal/token/token.go:28.51,30.3 1 0
github.com/Caixetadev/snippet/internal/token/token.go:32.2,37.19 2 0
github.com/Caixetadev/snippet/internal/token/token.go:41.115,43.16 2 0
github.com/Caixetadev/snippet/internal/token/token.go:43.16,45.3 1 0
github.com/Caixetadev/snippet/internal/token/token.go:47.2,48.28 2 0
github.com/Caixetadev/snippet/internal/token/token.go:52.78,56.16 3 0
github.com/Caixetadev/snippet/internal/token/token.go:56.16,58.3 1 0
github.com/Caixetadev/snippet/internal/token/token.go:60.2,61.16 2 0
github.com/Caixetadev/snippet/internal/token/token.go:61.16,63.3 1 0
github.com/Caixetadev/snippet/internal/token/token.go:65.2,65.21 1 0
github.com/Caixetadev/snippet/internal/utils/calcule_pagination.go:16.66,17.19 1 0
github.com/Caixetadev/snippet/internal/utils/calcule_pagination.go:17.19,19.3 1 0
github.com/Caixetadev/snippet/internal/utils/calcule_pagination.go:21.2,22.28 2 0
github.com/Caixetadev/snippet/internal/utils/calcule_pagination.go:22.28,24.3 1 0
github.com/Caixetadev/snippet/internal/utils/calcule_pagination.go:26.2,30.23 3 0
github.com/Caixetadev/snippet/internal/utils/calcule_pagination.go:30.23,32.3 1 0
github.com/Caixetadev/snippet/internal/utils/calcule_pagination.go:34.2,43.22 3 0
github.com/Caixetadev/snippet/internal/utils/string_utils.go:11.41,15.25 3 0
github.com/Caixetadev/snippet/internal/utils/string_utils.go:15.25,18.3 2 0
github.com/Caixetadev/snippet/internal/utils/string_utils.go:20.2,20.20 1 0
github.com/Caixetadev/snippet/internal/utils/string_utils.go:23.36,24.17 1 0
github.com/Caixetadev/snippet/internal/utils/string_utils.go:24.17,26.3 1 0
github.com/Caixetadev/snippet/internal/utils/string_utils.go:28.2,28.11 1 0
github.com/Caixetadev/snippet/pkg/passwordhash/bcrypt_password_hasher.go:15.96,17.2 1 0
github.com/Caixetadev/snippet/pkg/passwordhash/bcrypt_password_hasher.go:20.94,22.2 1 0
github.com/Caixetadev/snippet/pkg/typesystem/error.go:31.30,33.2 1 0
github.com/Caixetadev/snippet/pkg/typesystem/error.go:36.70,42.2 1 1
github.com/Caixetadev/snippet/pkg/validation/validation.go:18.66,20.2 1 0
github.com/Caixetadev/snippet/pkg/validation/validation.go:23.53,25.2 1 0
github.com/Caixetadev/snippet/config/config.go:20.57,29.16 6 0
github.com/Caixetadev/snippet/config/config.go:29.16,31.3 1 0
github.com/Caixetadev/snippet/config/config.go:33.2,37.8 3 0
github.com/Caixetadev/snippet/internal/entity/auth.go:37.48,46.2 2 0
github.com/Caixetadev/snippet/internal/entity/auth.go:58.86,68.2 1 0
github.com/Caixetadev/snippet/internal/entity/auth.go:70.89,80.2 2 0
github.com/Caixetadev/snippet/internal/entity/mail.go:19.44,24.2 1 0
github.com/Caixetadev/snippet/internal/entity/mail.go:28.99,47.2 1 0
github.com/Caixetadev/snippet/internal/entity/mail.go:53.49,57.16 3 0
github.com/Caixetadev/snippet/internal/entity/mail.go:57.16,59.3 1 0
github.com/Caixetadev/snippet/internal/entity/mail.go:61.2,65.16 3 0
github.com/Caixetadev/snippet/internal/entity/mail.go:65.16,68.3 2 0
github.com/Caixetadev/snippet/internal/entity/mail.go:70.2,70.32 1 0
github.com/Caixetadev/snippet/internal/entity/post.go:46.104,57.2 2 1
github.com/Caixetadev/snippet/internal/entity/token.go:20.94,22.16 2 0
github.com/Caixetadev/snippet/internal/entity/token.go:22.16,24.3 1 0
github.com/Caixetadev/snippet/internal/entity/token.go:26.2,34.21 2 0
github.com/Caixetadev/snippet/internal/entity/token.go:37.39,38.41 1 0
github.com/Caixetadev/snippet/internal/entity/token.go:38.41,40.3 1 0
github.com/Caixetadev/snippet/internal/entity/token.go:41.2,41.12 1 0
github.com/Caixetadev/snippet/internal/entity/user.go:17.50,26.2 2 1
github.com/Caixetadev/snippet/internal/entity/uuid.go:11.49,13.2 1 1
github.com/Caixetadev/snippet/internal/services/mail_service.go:20.77,26.16 2 0
github.com/Caixetadev/snippet/internal/services/mail_service.go:26.16,28.3 1 0
github.com/Caixetadev/snippet/internal/services/mail_service.go:30.2,33.8 1 0
github.com/Caixetadev/snippet/internal/services/mail_service.go:36.88,44.16 5 0
github.com/Caixetadev/snippet/internal/services/mail_service.go:44.16,47.3 2 0
github.com/Caixetadev/snippet/internal/services/mail_service.go:49.2,49.27 1 0
github.com/Caixetadev/snippet/internal/services/post_service.go:32.92,34.2 1 1
github.com/Caixetadev/snippet/internal/services/post_service.go:36.83,38.16 2 1
github.com/Caixetadev/snippet/internal/services/post_service.go:38.16,40.3 1 1
github.com/Caixetadev/snippet/internal/services/post_service.go:42.2,44.28 2 1
github.com/Caixetadev/snippet/internal/services/post_service.go:44.28,46.3 1 1
github.com/Caixetadev/snippet/internal/services/post_service.go:48.2,49.16 2 1
github.com/Caixetadev/snippet/internal/services/post_service.go:49.16,51.3 1 1
github.com/Caixetadev/snippet/internal/services/post_service.go:53.2,53.12 1 1
github.com/Caixetadev/snippet/internal/services/post_service.go:56.138,58.16 2 1
github.com/Caixetadev/snippet/internal/services/post_service.go:58.16,60.3 1 0
github.com/Caixetadev/snippet/internal/services/post_service.go:62.2,63.16 2 1
github.com/Caixetadev/snippet/internal/services/post_service.go:63.16,65.3 1 0
github.com/Caixetadev/snippet/internal/services/post_service.go:67.2,68.16 2 1
github.com/Caixetadev/snippet/internal/services/post_service.go:68.16,70.3 1 1
github.com/Caixetadev/snippet/internal/services/post_service.go:72.2,73.38 2 1
github.com/Caixetadev/snippet/internal/services/post_service.go:73.38,75.3 1 0
github.com/Caixetadev/snippet/internal/services/post_service.go:76.2,76.27 1 1
github.com/Caixetadev/snippet/internal/services/post_service.go:76.27,78.3 1 0
github.com/Caixetadev/snippet/internal/services/post_service.go:80.2,87.35 2 1
github.com/Caixetadev/snippet/internal/services/post_service.go:90.94,92.16 2 1
github.com/Caixetadev/snippet/internal/services/post_service.go:92.16,93.36 1 1
github.com/Caixetadev/snippet/internal/services/post_service.go:93.36,95.4 1 1
github.com/Caixetadev/snippet/internal/services/post_service.go:96.3,96.32 1 1
github.com/Caixetadev/snippet/internal/services/post_service.go:99.2,99.37 1 1
github.com/Caixetadev/snippet/internal/services/post_service.go:99.37,101.3 1 1
github.com/Caixetadev/snippet/internal/services/post_service.go:103.2,104.16 2 1
github.com/Caixetadev/snippet/internal/services/post_service.go:104.16,106.3 1 1
github.com/Caixetadev/snippet/internal/services/post_service.go:108.2,108.12 1 1
github.com/Caixetadev/snippet/internal/services/post_service.go:111.124,113.16 2 0
github.com/Caixetadev/snippet/internal/services/post_service.go:113.16,114.36 1 0
github.com/Caixetadev/snippet/internal/services/post_service.go:114.36,116.4 1 0
github.com/Caixetadev/snippet/internal/services/post_service.go:117.3,117.32 1 0
github.com/Caixetadev/snippet/internal/services/post_service.go:120.2,120.47 1 0
github.com/Caixetadev/snippet/internal/services/post_service.go:120.47,122.3 1 0
github.com/Caixetadev/snippet/internal/services/post_service.go:124.2,127.16 3 0
github.com/Caixetadev/snippet/internal/services/post_service.go:127.16,129.3 1 0
github.com/Caixetadev/snippet/internal/services/post_service.go:131.2,131.12 1 0
github.com/Caixetadev/snippet/internal/services/post_service.go:134.140,136.16 2 0
github.com/Caixetadev/snippet/internal/services/post_service.go:136.16,138.3 1 0
github.com/Caixetadev/snippet/internal/services/post_service.go:140.2,141.16 2 0
github.com/Caixetadev/snippet/internal/services/post_service.go:141.16,143.3 1 0
github.com/Caixetadev/snippet/internal/services/post_service.go:145.2,146.16 2 0
github.com/Caixetadev/snippet/internal/services/post_service.go:146.16,148.3 1 0
github.com/Caixetadev/snippet/internal/services/post_service.go:150.2,151.38 2 0
github.com/Caixetadev/snippet/internal/services/post_service.go:151.38,153.3 1 0
github.com/Caixetadev/snippet/internal/services/post_service.go:154.2,154.27 1 0
github.com/Caixetadev/snippet/internal/services/post_service.go:154.27,156.3 1 0
github.com/Caixetadev/snippet/internal/services/post_service.go:158.2,165.35 2 0
github.com/Caixetadev/snippet/internal/services/post_service.go:168.112,170.16 2 0
github.com/Caixetadev/snippet/internal/services/post_service.go:170.16,171.36 1 0
github.com/Caixetadev/snippet/internal/services/post_service.go:171.36,173.4 1 0
github.com/Caixetadev/snippet/internal/services/post_service.go:174.3,174.37 1 0
github.com/Caixetadev/snippet/internal/services/post_service.go:177.2,177.20 1 0
github.com/Caixetadev/snippet/internal/services/post_service.go:177.20,179.32 2 0
github.com/Caixetadev/snippet/internal/services/post_service.go:179.32,181.4 1 0
github.com/Caixetadev/snippet/internal/services/post_service.go:184.2,184.18 1 0
github.com/Caixetadev/snippet/internal/services/user_service.go:42.16,49.2 1 1
github.com/Caixetadev/snippet/internal/services/user_service.go:51.94,52.54 1 1
github.com/Caixetadev/snippet/internal/services/user_service.go:52.54,54.3 1 1
github.com/Caixetadev/snippet/internal/services/user_service.go:56.2,57.16 2 1
github.com/Caixetadev/snippet/internal/services/user_service.go:57.16,59.3 1 1
github.com/Caixetadev/snippet/internal/services/user_service.go:61.2,64.16 3 1
github.com/Caixetadev/snippet/internal/services/user_service.go:64.16,66.3 1 1
github.com/Caixetadev/snippet/internal/services/user_service.go:68.2,68.18 1 1
github.com/Caixetadev/snippet/internal/services/user_service.go:71.93,73.16 2 0
github.com/Caixetadev/snippet/internal/services/user_service.go:73.16,74.27 1 0
github.com/Caixetadev/snippet/internal/services/user_service.go:74.27,76.4 1 0
github.com/Caixetadev/snippet/internal/services/user_service.go:77.3,77.37 1 0
github.com/Caixetadev/snippet/internal/services/user_service.go:80.2,80.18 1 0
github.com/Caixetadev/snippet/internal/services/user_service.go:83.96,85.16 2 1
github.com/Caixetadev/snippet/internal/services/user_service.go:85.16,86.27 1 1
github.com/Caixetadev/snippet/internal/services/user_service.go:86.27,88.4 1 1
github.com/Caixetadev/snippet/internal/services/user_service.go:90.3,90.37 1 1
github.com/Caixetadev/snippet/internal/services/user_service.go:93.2,93.18 1 1
github.com/Caixetadev/snippet/internal/services/user_service.go:96.91,98.2 1 1
github.com/Caixetadev/snippet/internal/services/user_service.go:100.116,102.16 2 0
github.com/Caixetadev/snippet/internal/services/user_service.go:102.16,104.3 1 0
github.com/Caixetadev/snippet/internal/services/user_service.go:106.2,106.28 1 0
github.com/Caixetadev/snippet/internal/services/user_service.go:113.36,115.16 2 0
github.com/Caixetadev/snippet/internal/services/user_service.go:115.16,117.3 1 0
github.com/Caixetadev/snippet/internal/services/user_service.go:119.2,119.28 1 0
github.com/Caixetadev/snippet/internal/services/user_service.go:122.104,126.16 3 0
github.com/Caixetadev/snippet/internal/services/user_service.go:126.16,128.3 1 0
github.com/Caixetadev/snippet/internal/services/user_service.go:130.2,130.12 1 0
github.com/Caixetadev/snippet/internal/services/user_service.go:133.97,135.16 2 1
github.com/Caixetadev/snippet/internal/services/user_service.go:135.16,137.3 1 1
github.com/Caixetadev/snippet/internal/services/user_service.go:139.2,139.12 1 1
github.com/Caixetadev/snippet/internal/services/user_service.go:142.118,146.2 2 0
github.com/Caixetadev/snippet/internal/services/user_service.go:148.103,150.16 2 1
github.com/Caixetadev/snippet/internal/services/user_service.go:150.16,152.3 1 1
github.com/Caixetadev/snippet/internal/services/user_service.go:154.2,154.50 1 1
github.com/Caixetadev/snippet/internal/services/user_service.go:154.50,156.3 1 1
github.com/Caixetadev/snippet/internal/services/user_service.go:158.2,158.37 1 1
github.com/Caixetadev/snippet/internal/services/user_service.go:166.9,167.38 1 1
github.com/Caixetadev/snippet/internal/services/user_service.go:167.38,169.3 1 1
github.com/Caixetadev/snippet/internal/services/user_service.go:171.2,172.16 2 1
github.com/Caixetadev/snippet/internal/services/user_service.go:172.16,174.3 1 1
github.com/Caixetadev/snippet/internal/services/user_service.go:176.2,177.16 2 1
github.com/Caixetadev/snippet/internal/services/user_service.go:177.16,179.3 1 1
github.com/Caixetadev/snippet/internal/services/user_service.go:181.2,181.12 1 1
github.com/Caixetadev/snippet/internal/services/user_service.go:184.95,186.16 2 1
github.com/Caixetadev/snippet/internal/services/user_service.go:186.16,188.3 1 1
github.com/Caixetadev/snippet/internal/services/user_service.go:190.2,190.18 1 1
github.com/Caixetadev/snippet/internal/services/user_service.go:193.96,195.16 2 1
github.com/Caixetadev/snippet/internal/services/user_service.go:195.16,197.3 1 1
github.com/Caixetadev/snippet/internal/services/user_service.go:199.2,199.26 1 1
github.com/Caixetadev/snippet/internal/tests/mocks/password_hasher_mock.go:9.90,12.2 2 1
github.com/Caixetadev/snippet/internal/tests/mocks/password_hasher_mock.go:14.88,17.2 2 1
github.com/Caixetadev/snippet/internal/tests/mocks/post_repository_mock.go:15.85,18.2 2 1
github.com/Caixetadev/snippet/internal/tests/mocks/post_repository_mock.go:20.119,23.2 2 1
github.com/Caixetadev/snippet/internal/tests/mocks/post_repository_mock.go:25.102,28.2 2 1
github.com/Caixetadev/snippet/internal/tests/mocks/post_repository_mock.go:30.75,33.2 2 1
github.com/Caixetadev/snippet/internal/tests/mocks/post_repository_mock.go:35.91,38.2 2 0
github.com/Caixetadev/snippet/internal/tests/mocks/post_repository_mock.go:40.94,43.2 2 0
github.com/Caixetadev/snippet/internal/tests/mocks/post_repository_mock.go:45.90,48.2 2 1
github.com/Caixetadev/snippet/internal/tests/mocks/post_repository_mock.go:50.118,53.2 2 0
github.com/Caixetadev/snippet/internal/tests/mocks/token_maker_mock.go:14.103,17.2 2 0
github.com/Caixetadev/snippet/internal/tests/mocks/token_maker_mock.go:19.68,22.2 2 1
github.com/Caixetadev/snippet/internal/tests/mocks/user_repository_mock.go:15.79,18.2 2 1
github.com/Caixetadev/snippet/internal/tests/mocks/user_repository_mock.go:20.98,23.2 2 1
github.com/Caixetadev/snippet/internal/tests/mocks/user_repository_mock.go:25.95,28.2 2 0
github.com/Caixetadev/snippet/internal/tests/mocks/user_repository_mock.go:30.93,33.2 2 1
github.com/Caixetadev/snippet/internal/tests/mocks/user_repository_mock.go:35.114,38.2 2 0
github.com/Caixetadev/snippet/internal/tests/mocks/user_repository_mock.go:40.99,43.2 2 1
github.com/Caixetadev/snippet/internal/tests/mocks/user_repository_mock.go:45.119,48.2 2 1
github.com/Caixetadev/snippet/internal/tests/mocks/user_repository_mock.go:50.92,53.2 2 0
github.com/Caixetadev/snippet/internal/tests/mocks/user_repository_mock.go:55.114,58.2 2 0
github.com/Caixetadev/snippet/internal/tests/mocks/user_repository_mock.go:60.97,63.2 2 1
github.com/Caixetadev/snippet/internal/tests/mocks/validator_mock.go:11.53,14.2 2 1
github.com/Caixetadev/snippet/internal/token/token.go:27.57,28.51 1 0
github.com/Caixetadev/snippet/internal/token/token.go:28.51,30.3 1 0
github.com/Caixetadev/snippet/internal/token/token.go:32.2,37.19 2 0
github.com/Caixetadev/snippet/internal/token/token.go:41.115,43.16 2 0
github.com/Caixetadev/snippet/internal/token/token.go:43.16,45.3 1 0
github.com/Caixetadev/snippet/internal/token/token.go:47.2,48.28 2 0
github.com/Caixetadev/snippet/internal/token/token.go:52.78,56.16 3 0
github.com/Caixetadev/snippet/internal/token/token.go:56.16,58.3 1 0
github.com/Caixetadev/snippet/internal/token/token.go:60.2,61.16 2 0
github.com/Caixetadev/snippet/internal/token/token.go:61.16,63.3 1 0
github.com/Caixetadev/snippet/internal/token/token.go:65.2,65.21 1 0
github.com/Caixetadev/snippet/internal/utils/calcule_pagination.go:16.66,17.19 1 1
github.com/Caixetadev/snippet/internal/utils/calcule_pagination.go:17.19,19.3 1 0
github.com/Caixetadev/snippet/internal/utils/calcule_pagination.go:21.2,22.28 2 1
github.com/Caixetadev/snippet/internal/utils/calcule_pagination.go:22.28,24.3 1 0
github.com/Caixetadev/snippet/internal/utils/calcule_pagination.go:26.2,30.23 3 1
github.com/Caixetadev/snippet/internal/utils/calcule_pagination.go:30.23,32.3 1 0
github.com/Caixetadev/snippet/internal/utils/calcule_pagination.go:34.2,43.22 3 1
github.com/Caixetadev/snippet/internal/utils/string_utils.go:11.41,15.25 3 0
github.com/Caixetadev/snippet/internal/utils/string_utils.go:15.25,18.3 2 0
github.com/Caixetadev/snippet/internal/utils/string_utils.go:20.2,20.20 1 0
github.com/Caixetadev/snippet/internal/utils/string_utils.go:23.36,24.17 1 1
github.com/Caixetadev/snippet/internal/utils/string_utils.go:24.17,26.3 1 1
github.com/Caixetadev/snippet/internal/utils/string_utils.go:28.2,28.11 1 0
github.com/Caixetadev/snippet/pkg/passwordhash/bcrypt_password_hasher.go:15.96,17.2 1 0
github.com/Caixetadev/snippet/pkg/passwordhash/bcrypt_password_hasher.go:20.94,22.2 1 0
github.com/Caixetadev/snippet/pkg/typesystem/error.go:31.30,33.2 1 0
github.com/Caixetadev/snippet/pkg/typesystem/error.go:36.70,42.2 1 1
github.com/Caixetadev/snippet/pkg/validation/validation.go:18.66,20.2 1 0
github.com/Caixetadev/snippet/pkg/validation/validation.go:23.53,25.2 1 0
