mode: set
github.com/Caixetadev/snippet/internal/infra/db/postgres/repositories/user_repository.go:15.58,17.2 1 0
github.com/Caixetadev/snippet/internal/infra/db/postgres/repositories/user_repository.go:19.80,29.2 2 0
github.com/Caixetadev/snippet/internal/infra/db/postgres/repositories/user_repository.go:32.99,34.16 2 0
github.com/Caixetadev/snippet/internal/infra/db/postgres/repositories/user_repository.go:34.16,36.3 1 0
github.com/Caixetadev/snippet/internal/infra/db/postgres/repositories/user_repository.go:38.2,42.17 3 0
github.com/Caixetadev/snippet/internal/infra/db/postgres/repositories/user_repository.go:42.17,43.85 1 0
github.com/Caixetadev/snippet/internal/infra/db/postgres/repositories/user_repository.go:43.85,45.4 1 0
github.com/Caixetadev/snippet/internal/infra/db/postgres/repositories/user_repository.go:46.8,48.3 1 0
github.com/Caixetadev/snippet/internal/infra/db/postgres/repositories/user_repository.go:50.2,50.19 1 0
github.com/Caixetadev/snippet/internal/infra/db/postgres/repositories/user_repository.go:53.94,56.16 3 0
github.com/Caixetadev/snippet/internal/infra/db/postgres/repositories/user_repository.go:56.16,58.3 1 0
github.com/Caixetadev/snippet/internal/infra/db/postgres/repositories/user_repository.go:60.2,60.20 1 0
github.com/Caixetadev/snippet/internal/core/services/user_service.go:24.16,30.2 1 1
github.com/Caixetadev/snippet/internal/core/services/user_service.go:32.78,33.54 1 1
github.com/Caixetadev/snippet/internal/core/services/user_service.go:33.54,35.3 1 1
github.com/Caixetadev/snippet/internal/core/services/user_service.go:37.2,38.16 2 1
github.com/Caixetadev/snippet/internal/core/services/user_service.go:38.16,40.3 1 1
github.com/Caixetadev/snippet/internal/core/services/user_service.go:42.2,46.16 4 1
github.com/Caixetadev/snippet/internal/core/services/user_service.go:46.16,48.3 1 1
github.com/Caixetadev/snippet/internal/core/services/user_service.go:50.2,50.12 1 1
github.com/Caixetadev/snippet/internal/core/services/user_service.go:53.96,56.16 2 1
github.com/Caixetadev/snippet/internal/core/services/user_service.go:56.16,57.27 1 1
github.com/Caixetadev/snippet/internal/core/services/user_service.go:57.27,59.4 1 1
github.com/Caixetadev/snippet/internal/core/services/user_service.go:61.3,61.33 1 1
github.com/Caixetadev/snippet/internal/core/services/user_service.go:64.2,64.18 1 1
github.com/Caixetadev/snippet/internal/core/services/user_service.go:67.91,69.2 1 1
